<?xml version="1.0" encoding="UTF-8"?>
<!-- Generated by org.testng.reporters.JUnitReportReporter -->
<testsuite hostname="WKWEJ009981831" failures="0" tests="5" name="Runner.TestNGRunner" time="0.259" errors="0" timestamp="2024-08-24T19:19:33 IST" skipped="0">
  <testcase classname="Runner.TestNGRunner" name="runScenario" time="0.032"/>
  <system-out/>
  <testcase classname="Runner.TestNGRunner" name="runScenario" time="0.021"/>
  <system-out/>
  <testcase classname="Runner.TestNGRunner" name="runScenario" time="0.159"/>
  <system-out/>
  <testcase classname="Runner.TestNGRunner" name="runScenario" time="0.015"/>
  <system-out/>
  <testcase classname="Runner.TestNGRunner" name="runScenario" time="0.032"/>
  <system-out/>
</testsuite> <!-- Runner.TestNGRunner -->
