<?xml version="1.0" encoding="UTF-8"?>
<testsuite xmlns:xsi="http://www.w3.org/2001/XMLSchema-instance" xsi:noNamespaceSchemaLocation="https://maven.apache.org/surefire/maven-surefire-plugin/xsd/surefire-test-report-3.0.xsd" version="3.0" name="TestSuite" time="3.559" tests="6" errors="0" skipped="0" failures="0">
  <properties>
    <property name="java.specification.version" value="17"/>
    <property name="sun.cpu.isalist" value="amd64"/>
    <property name="sun.jnu.encoding" value="Cp1252"/>
    <property name="java.class.path" value="C:\Users\rah9\eclipse-workspace\JuneCucumber2024\target\test-classes;C:\Users\rah9\eclipse-workspace\JuneCucumber2024\target\classes;C:\Users\rah9\.m2\repository\junit\junit\4.13.2\junit-4.13.2.jar;C:\Users\rah9\.m2\repository\org\hamcrest\hamcrest-core\1.3\hamcrest-core-1.3.jar;C:\Users\rah9\.m2\repository\io\cucumber\cucumber-java\7.11.2\cucumber-java-7.11.2.jar;C:\Users\rah9\.m2\repository\io\cucumber\cucumber-core\7.11.2\cucumber-core-7.11.2.jar;C:\Users\rah9\.m2\repository\io\cucumber\cucumber-gherkin\7.11.2\cucumber-gherkin-7.11.2.jar;C:\Users\rah9\.m2\repository\io\cucumber\cucumber-gherkin-messages\7.11.2\cucumber-gherkin-messages-7.11.2.jar;C:\Users\rah9\.m2\repository\io\cucumber\gherkin\26.0.3\gherkin-26.0.3.jar;C:\Users\rah9\.m2\repository\io\cucumber\messages\21.0.1\messages-21.0.1.jar;C:\Users\rah9\.m2\repository\io\cucumber\tag-expressions\5.0.1\tag-expressions-5.0.1.jar;C:\Users\rah9\.m2\repository\io\cucumber\cucumber-expressions\16.1.2\cucumber-expressions-16.1.2.jar;C:\Users\rah9\.m2\repository\io\cucumber\datatable\7.11.2\datatable-7.11.2.jar;C:\Users\rah9\.m2\repository\io\cucumber\cucumber-plugin\7.11.2\cucumber-plugin-7.11.2.jar;C:\Users\rah9\.m2\repository\io\cucumber\docstring\7.11.2\docstring-7.11.2.jar;C:\Users\rah9\.m2\repository\io\cucumber\html-formatter\20.2.1\html-formatter-20.2.1.jar;C:\Users\rah9\.m2\repository\io\cucumber\junit-xml-formatter\0.1.0\junit-xml-formatter-0.1.0.jar;C:\Users\rah9\.m2\repository\io\cucumber\ci-environment\9.1.0\ci-environment-9.1.0.jar;C:\Users\rah9\.m2\repository\org\apiguardian\apiguardian-api\1.1.2\apiguardian-api-1.1.2.jar;C:\Users\rah9\.m2\repository\io\cucumber\cucumber-testng\7.11.2\cucumber-testng-7.11.2.jar;C:\Users\rah9\.m2\repository\org\testng\testng\7.7.1\testng-7.7.1.jar;C:\Users\rah9\.m2\repository\org\slf4j\slf4j-api\1.7.36\slf4j-api-1.7.36.jar;C:\Users\rah9\.m2\repository\com\beust\jcommander\1.82\jcommander-1.82.jar;C:\Users\rah9\.m2\repository\org\webjars\jquery\3.6.1\jquery-3.6.1.jar;C:\Users\rah9\.m2\repository\io\cucumber\cucumber-junit\7.11.2\cucumber-junit-7.11.2.jar;"/>
    <property name="java.vm.vendor" value="Microsoft"/>
    <property name="sun.arch.data.model" value="64"/>
    <property name="user.variant" value=""/>
    <property name="java.vendor.url" value="https://www.microsoft.com"/>
    <property name="user.timezone" value="Asia/Calcutta"/>
    <property name="os.name" value="Windows 11"/>
    <property name="java.vm.specification.version" value="17"/>
    <property name="sun.java.launcher" value="SUN_STANDARD"/>
    <property name="user.country" value="IN"/>
    <property name="sun.boot.library.path" value="C:\Program Files\Microsoft\jdk-17.0.7.7-hotspot\bin"/>
    <property name="sun.java.command" value="C:\Users\rah9\AppData\Local\Temp\surefire1287088676110382051\surefirebooter-20240824191929966_3.jar C:\Users\rah9\AppData\Local\Temp\surefire1287088676110382051 2024-08-24T19-19-27_509-jvmRun1 surefire-20240824191929966_1tmp surefire_0-20240824191929966_2tmp"/>
    <property name="jdk.debug" value="release"/>
    <property name="surefire.test.class.path" value="C:\Users\rah9\eclipse-workspace\JuneCucumber2024\target\test-classes;C:\Users\rah9\eclipse-workspace\JuneCucumber2024\target\classes;C:\Users\rah9\.m2\repository\junit\junit\4.13.2\junit-4.13.2.jar;C:\Users\rah9\.m2\repository\org\hamcrest\hamcrest-core\1.3\hamcrest-core-1.3.jar;C:\Users\rah9\.m2\repository\io\cucumber\cucumber-java\7.11.2\cucumber-java-7.11.2.jar;C:\Users\rah9\.m2\repository\io\cucumber\cucumber-core\7.11.2\cucumber-core-7.11.2.jar;C:\Users\rah9\.m2\repository\io\cucumber\cucumber-gherkin\7.11.2\cucumber-gherkin-7.11.2.jar;C:\Users\rah9\.m2\repository\io\cucumber\cucumber-gherkin-messages\7.11.2\cucumber-gherkin-messages-7.11.2.jar;C:\Users\rah9\.m2\repository\io\cucumber\gherkin\26.0.3\gherkin-26.0.3.jar;C:\Users\rah9\.m2\repository\io\cucumber\messages\21.0.1\messages-21.0.1.jar;C:\Users\rah9\.m2\repository\io\cucumber\tag-expressions\5.0.1\tag-expressions-5.0.1.jar;C:\Users\rah9\.m2\repository\io\cucumber\cucumber-expressions\16.1.2\cucumber-expressions-16.1.2.jar;C:\Users\rah9\.m2\repository\io\cucumber\datatable\7.11.2\datatable-7.11.2.jar;C:\Users\rah9\.m2\repository\io\cucumber\cucumber-plugin\7.11.2\cucumber-plugin-7.11.2.jar;C:\Users\rah9\.m2\repository\io\cucumber\docstring\7.11.2\docstring-7.11.2.jar;C:\Users\rah9\.m2\repository\io\cucumber\html-formatter\20.2.1\html-formatter-20.2.1.jar;C:\Users\rah9\.m2\repository\io\cucumber\junit-xml-formatter\0.1.0\junit-xml-formatter-0.1.0.jar;C:\Users\rah9\.m2\repository\io\cucumber\ci-environment\9.1.0\ci-environment-9.1.0.jar;C:\Users\rah9\.m2\repository\org\apiguardian\apiguardian-api\1.1.2\apiguardian-api-1.1.2.jar;C:\Users\rah9\.m2\repository\io\cucumber\cucumber-testng\7.11.2\cucumber-testng-7.11.2.jar;C:\Users\rah9\.m2\repository\org\testng\testng\7.7.1\testng-7.7.1.jar;C:\Users\rah9\.m2\repository\org\slf4j\slf4j-api\1.7.36\slf4j-api-1.7.36.jar;C:\Users\rah9\.m2\repository\com\beust\jcommander\1.82\jcommander-1.82.jar;C:\Users\rah9\.m2\repository\org\webjars\jquery\3.6.1\jquery-3.6.1.jar;C:\Users\rah9\.m2\repository\io\cucumber\cucumber-junit\7.11.2\cucumber-junit-7.11.2.jar;"/>
    <property name="sun.cpu.endian" value="little"/>
    <property name="user.home" value="C:\Users\rah9"/>
    <property name="user.language" value="en"/>
    <property name="java.specification.vendor" value="Oracle Corporation"/>
    <property name="java.version.date" value="2023-04-18"/>
    <property name="java.home" value="C:\Program Files\Microsoft\jdk-17.0.7.7-hotspot"/>
    <property name="file.separator" value="\"/>
    <property name="basedir" value="C:\Users\rah9\eclipse-workspace\JuneCucumber2024"/>
    <property name="java.vm.compressedOopsMode" value="Zero based"/>
    <property name="line.separator" value="&#10;"/>
    <property name="java.vm.specification.vendor" value="Oracle Corporation"/>
    <property name="java.specification.name" value="Java Platform API Specification"/>
    <property name="surefire.real.class.path" value="C:\Users\rah9\AppData\Local\Temp\surefire1287088676110382051\surefirebooter-20240824191929966_3.jar"/>
    <property name="user.script" value=""/>
    <property name="sun.management.compiler" value="HotSpot 64-Bit Tiered Compilers"/>
    <property name="java.runtime.version" value="17.0.7+7-LTS"/>
    <property name="user.name" value="rah9"/>
    <property name="path.separator" value=";"/>
    <property name="os.version" value="10.0"/>
    <property name="java.runtime.name" value="OpenJDK Runtime Environment"/>
    <property name="file.encoding" value="Cp1252"/>
    <property name="java.vm.name" value="OpenJDK 64-Bit Server VM"/>
    <property name="java.vendor.version" value="Microsoft-7626293"/>
    <property name="localRepository" value="C:\Users\rah9\.m2\repository"/>
    <property name="java.vendor.url.bug" value="https://github.com/microsoft/openjdk/issues"/>
    <property name="java.io.tmpdir" value="C:\Users\rah9\AppData\Local\Temp\"/>
    <property name="java.version" value="17.0.7"/>
    <property name="user.dir" value="C:\Users\rah9\eclipse-workspace\JuneCucumber2024"/>
    <property name="os.arch" value="amd64"/>
    <property name="java.vm.specification.name" value="Java Virtual Machine Specification"/>
    <property name="sun.os.patch.level" value=""/>
    <property name="native.encoding" value="Cp1252"/>
    <property name="java.library.path" value="C:\Program Files\Microsoft\jdk-17.0.7.7-hotspot\bin;C:\WINDOWS\Sun\Java\bin;C:\WINDOWS\system32;C:\WINDOWS;C:\Program Files\Microsoft\jdk-17.0.7.7-hotspot\bin;C:\WINDOWS\system32;C:\WINDOWS;C:\WINDOWS\System32\Wbem;C:\WINDOWS\System32\WindowsPowerShell\v1.0\;C:\WINDOWS\System32\OpenSSH\;C:\Program Files (x86)\CheckPoint\Endpoint Security\Endpoint Common\bin;C:\Program Files (x86)\Box\Box Edit\;C:\Program Files\Git\cmd;C:\Program Files\WindowsPowerShell\Scripts\HP.ClientScriptLibrary;C:\Users\rah9\Downloads\apache-maven-3.9.9-bin\apache-maven-3.9.9\bin;C:\Users\rah9\AppData\Local\Microsoft\WindowsApps;;."/>
    <property name="java.vm.info" value="mixed mode, sharing"/>
    <property name="java.vendor" value="Microsoft"/>
    <property name="java.vm.version" value="17.0.7+7-LTS"/>
    <property name="sun.io.unicode.encoding" value="UnicodeLittle"/>
    <property name="java.class.version" value="61.0"/>
  </properties>
  <testcase name="runScenario[&quot;Successfull Login with Valid Credentials&quot;, &quot;Login feature&quot;](1)" classname="Runner.TestNGRunner" time="0.178">
    <system-out><![CDATA[-----------------Start of Scenario-----------------
This will run before the every Scenario
Before method
Initialize Selenium Webdriver
Open the browser
Home Page
login Page
UserNAME and password
successfull
After method
This will run after the every Scenario
-----------------End of Scenario-----------------
]]></system-out>
    <system-err><![CDATA[SLF4J: Failed to load class "org.slf4j.impl.StaticLoggerBinder".
SLF4J: Defaulting to no-operation (NOP) logger implementation
SLF4J: See http://www.slf4j.org/codes.html#StaticLoggerBinder for further details.
]]></system-err>
  </testcase>
  <testcase name="runScenario[&quot;valid creds login with given Values&quot;, &quot;Login feature&quot;](2)" classname="Runner.TestNGRunner" time="0.045">
    <system-out><![CDATA[-----------------Start of Scenario-----------------
This will run before the every Scenario
Before method
Before Smoke method
Initialize Selenium Webdriver
Open the browser
I am on login page
Enter username Rahul and passwordAutomation
Click on submit button
verify Homepage title
After Smoke method
After method
This will run after the every Scenario
-----------------End of Scenario-----------------
]]></system-out>
  </testcase>
  <testcase name="runScenario[&quot;valid creds login with step Values&quot;, &quot;Login feature&quot;](3)" classname="Runner.TestNGRunner" time="0.025">
    <system-out><![CDATA[-----------------Start of Scenario-----------------
This will run before the every Scenario
Before method
Initialize Selenium Webdriver
Open the browser
I am on login page
Rahul
Kansal
Click on submit button
verify Homepage title
After method
This will run after the every Scenario
-----------------End of Scenario-----------------
]]></system-out>
  </testcase>
  <testcase name="runScenario[&quot;valid creds login with multiple Values&quot;, &quot;Login feature&quot;](4)" classname="Runner.TestNGRunner" time="0.02">
    <system-out><![CDATA[-----------------Start of Scenario-----------------
This will run before the every Scenario
Before method
Initialize Selenium Webdriver
Open the browser
I am on login page
user1
password1
Click on submit button
verify Homepage title
After method
This will run after the every Scenario
-----------------End of Scenario-----------------
]]></system-out>
  </testcase>
  <testcase name="runScenario[&quot;valid creds login with multiple Values&quot;, &quot;Login feature&quot;](5)" classname="Runner.TestNGRunner" time="0.008">
    <system-out><![CDATA[-----------------Start of Scenario-----------------
This will run before the every Scenario
Before method
Initialize Selenium Webdriver
Open the browser
I am on login page
user2
password2
Click on submit button
verify Homepage title
After method
This will run after the every Scenario
-----------------End of Scenario-----------------
]]></system-out>
  </testcase>
  <testcase name="testApp on testApp(JuneCucumber2024.JuneCucumber2024.AppTest)" classname="JuneCucumber2024.JuneCucumber2024.AppTest" time="0.0">
    <system-err><![CDATA[&amp#27;[32m&amp#27;[1m┌───────────────────────────────────────────────────────────────────────────────────┐&amp#27;[0m
&amp#27;[32m&amp#27;[1m│&amp#27;[0m Share your Cucumber Report with your team at &amp#27;[36m&amp#27;[1m&amp#27;[4mhttps://reports.cucumber.io&amp#27;[0m          &amp#27;[32m&amp#27;[1m│&amp#27;[0m
&amp#27;[32m&amp#27;[1m│&amp#27;[0m Activate publishing with one of the following:                                    &amp#27;[32m&amp#27;[1m│&amp#27;[0m
&amp#27;[32m&amp#27;[1m│&amp#27;[0m                                                                                   &amp#27;[32m&amp#27;[1m│&amp#27;[0m
&amp#27;[32m&amp#27;[1m│&amp#27;[0m src/test/resources/cucumber.properties:          &amp#27;[36mcucumber.publish.enabled&amp#27;[0m=&amp#27;[36mtrue&amp#27;[0m    &amp#27;[32m&amp#27;[1m│&amp#27;[0m
&amp#27;[32m&amp#27;[1m│&amp#27;[0m src/test/resources/junit-platform.properties:    &amp#27;[36mcucumber.publish.enabled&amp#27;[0m=&amp#27;[36mtrue&amp#27;[0m    &amp#27;[32m&amp#27;[1m│&amp#27;[0m
&amp#27;[32m&amp#27;[1m│&amp#27;[0m Environment variable:                            &amp#27;[36mCUCUMBER_PUBLISH_ENABLED&amp#27;[0m=&amp#27;[36mtrue&amp#27;[0m    &amp#27;[32m&amp#27;[1m│&amp#27;[0m
&amp#27;[32m&amp#27;[1m│&amp#27;[0m JUnit:                                           &amp#27;[36m@CucumberOptions&amp#27;[0m(publish = &amp#27;[36mtrue&amp#27;[0m) &amp#27;[32m&amp#27;[1m│&amp#27;[0m
&amp#27;[32m&amp#27;[1m│&amp#27;[0m                                                                                   &amp#27;[32m&amp#27;[1m│&amp#27;[0m
&amp#27;[32m&amp#27;[1m│&amp#27;[0m More information at &amp#27;[36mhttps://cucumber.io/docs/cucumber/environment-variables/&amp#27;[0m      &amp#27;[32m&amp#27;[1m│&amp#27;[0m
&amp#27;[32m&amp#27;[1m│&amp#27;[0m                                                                                   &amp#27;[32m&amp#27;[1m│&amp#27;[0m
&amp#27;[32m&amp#27;[1m│&amp#27;[0m Disable this message with one of the following:                                   &amp#27;[32m&amp#27;[1m│&amp#27;[0m
&amp#27;[32m&amp#27;[1m│&amp#27;[0m                                                                                   &amp#27;[32m&amp#27;[1m│&amp#27;[0m
&amp#27;[32m&amp#27;[1m│&amp#27;[0m src/test/resources/cucumber.properties:          &amp#27;[36mcucumber.publish.quiet&amp#27;[0m=&amp#27;[36mtrue&amp#27;[0m      &amp#27;[32m&amp#27;[1m│&amp#27;[0m
&amp#27;[32m&amp#27;[1m│&amp#27;[0m src/test/resources/junit-platform.properties:    &amp#27;[36mcucumber.publish.quiet&amp#27;[0m=&amp#27;[36mtrue&amp#27;[0m      &amp#27;[32m&amp#27;[1m│&amp#27;[0m
&amp#27;[32m&amp#27;[1m└───────────────────────────────────────────────────────────────────────────────────┘&amp#27;[0m
]]></system-err>
  </testcase>
</testsuite>