<?xml version="1.0" encoding="UTF-8"?>
<!-- Generated by org.testng.reporters.JUnitReportReporter -->
<testsuite hostname="WKWEJ009981831" failures="0" tests="1" name="JuneCucumber2024.JuneCucumber2024.AppTest" time="0.021" errors="0" timestamp="2024-08-24T19:19:34 IST" skipped="0">
  <testcase classname="JuneCucumber2024.JuneCucumber2024.AppTest" name="testApp" time="0.021"/>
  <system-out/>
</testsuite> <!-- JuneCucumber2024.JuneCucumber2024.AppTest -->
