<?xml version="1.0" encoding="UTF-8"?>
<!-- Generated by org.testng.reporters.JUnitReportReporter -->
<testsuite hostname="WKWEJ009981831" failures="0" tests="1" name="Runner.TestNGRunner" time="0.089" errors="0" timestamp="2024-08-24T18:12:05 IST" skipped="0">
  <testcase classname="Runner.TestNGRunner" name="runScenario" time="0.089"/>
  <system-out/>
</testsuite> <!-- Runner.TestNGRunner -->
